<?xml version="1.0" encoding="UTF-8"?>
<testng-results skipped="0" failed="0" total="2" passed="2">
  <reporter-output>
  </reporter-output>
  <suite name="Default suite" duration-ms="109" started-at="2016-03-01T07:11:21Z" finished-at="2016-03-01T07:11:21Z">
    <groups>
    </groups>
    <test name="Default test" duration-ms="109" started-at="2016-03-01T07:11:21Z" finished-at="2016-03-01T07:11:21Z">
      <class name="com.epam.jmp.tabayeu.service.StudentServiceImplTestUsingDaoMocks">
        <test-method status="PASS" signature="initializeMocks()[pri:0, instance:com.epam.jmp.tabayeu.service.StudentServiceImplTestUsingDaoMocks@769c9116]" name="initializeMocks" is-config="true" duration-ms="92" started-at="2016-03-01T10:11:21Z" finished-at="2016-03-01T10:11:21Z">
          <reporter-output>
          </reporter-output>
        </test-method> <!-- initializeMocks -->
        <test-method status="PASS" signature="serviceGetFullNameReturnsConcatinatedNameAndSurname()[pri:0, instance:com.epam.jmp.tabayeu.service.StudentServiceImplTestUsingDaoMocks@769c9116]" name="serviceGetFullNameReturnsConcatinatedNameAndSurname" duration-ms="9" started-at="2016-03-01T10:11:21Z" finished-at="2016-03-01T10:11:21Z">
          <reporter-output>
          </reporter-output>
        </test-method> <!-- serviceGetFullNameReturnsConcatinatedNameAndSurname -->
        <test-method status="PASS" signature="serviceGetStudentSalaryReturnsRatingMultipliedByCoefficient()[pri:0, instance:com.epam.jmp.tabayeu.service.StudentServiceImplTestUsingDaoMocks@769c9116]" name="serviceGetStudentSalaryReturnsRatingMultipliedByCoefficient" duration-ms="0" started-at="2016-03-01T10:11:21Z" finished-at="2016-03-01T10:11:21Z">
          <reporter-output>
          </reporter-output>
        </test-method> <!-- serviceGetStudentSalaryReturnsRatingMultipliedByCoefficient -->
      </class> <!-- com.epam.jmp.tabayeu.service.StudentServiceImplTestUsingDaoMocks -->
    </test> <!-- Default test -->
  </suite> <!-- Default suite -->
</testng-results>
