<?xml version="1.0" encoding="UTF-8"?>
<!-- Generated by org.testng.reporters.JUnitXMLReporter -->
<testsuite hostname="EPBYMINW4757" name="Default test" tests="2" failures="0" timestamp="1 Mar 2016 07:11:21 GMT" time="0.109" errors="0">
  <testcase name="serviceGetFullNameReturnsConcatinatedNameAndSurname" time="0.009" classname="com.epam.jmp.tabayeu.service.StudentServiceImplTestUsingDaoMocks"/>
  <testcase name="serviceGetStudentSalaryReturnsRatingMultipliedByCoefficient" time="0.0" classname="com.epam.jmp.tabayeu.service.StudentServiceImplTestUsingDaoMocks"/>
</testsuite> <!-- Default test -->
